# JRE version: OpenJDK Runtime Environment (17.0.11) (build 17.0.11+0--11852314)
# Java VM: OpenJDK 64-Bit Server VM (17.0.11+0--11852314, mixed mode, tiered, compressed oops, compressed class ptrs, g1 gc, windows-amd64)
GC Precious Log:
 CPUs: 6 total, 6 available
 Memory: 16222M
 Large Page Support: Disabled
 NUMA Support: Disabled
 Compressed Oops: Enabled (32-bit)
 Heap Region Size: 1M
 Heap Min Capacity: 8M
 Heap Initial Capacity: 254M
 Heap Max Capacity: 2G
 Pre-touch: Disabled
 Parallel Workers: 6
 Concurrent Workers: 2
 Concurrent Refinement Workers: 6
 Periodic GC: Disabled
Heap:
 garbage-first heap   total 275456K, used 225247K [0x0000000080000000, 0x0000000100000000)
  region size 1024K, 29 young (29696K), 2 survivors (2048K)
 Metaspace       used 127667K, committed 128640K, reserved 1179648K
  class space    used 16936K, committed 17408K, reserved 1048576K
GC Heap History (20 events):
Event: 13.162 GC heap before
{Heap before GC invocations=59 (full 0):
 garbage-first heap   total 275456K, used 229567K [0x0000000080000000, 0x0000000100000000)
  region size 1024K, 69 young (70656K), 7 survivors (7168K)
 Metaspace       used 104840K, committed 105664K, reserved 1179648K
  class space    used 14296K, committed 14656K, reserved 1048576K
}
Event: 13.166 GC heap after
{Heap after GC invocations=60 (full 0):
 garbage-first heap   total 275456K, used 169269K [0x0000000080000000, 0x0000000100000000)
  region size 1024K, 6 young (6144K), 6 survivors (6144K)
 Metaspace       used 104840K, committed 105664K, reserved 1179648K
  class space    used 14296K, committed 14656K, reserved 1048576K
}
Event: 13.462 GC heap before
{Heap before GC invocations=60 (full 0):
 garbage-first heap   total 275456K, used 230709K [0x0000000080000000, 0x0000000100000000)
  region size 1024K, 66 young (67584K), 6 survivors (6144K)
 Metaspace       used 104840K, committed 105664K, reserved 1179648K
  class space    used 14296K, committed 14656K, reserved 1048576K
}
Event: 13.466 GC heap after
{Heap after GC invocations=61 (full 0):
 garbage-first heap   total 275456K, used 171920K [0x0000000080000000, 0x0000000100000000)
  region size 1024K, 6 young (6144K), 6 survivors (6144K)
 Metaspace       used 104840K, committed 105664K, reserved 1179648K
  class space    used 14296K, committed 14656K, reserved 1048576K
}
Event: 13.788 GC heap before
{Heap before GC invocations=61 (full 0):
 garbage-first heap   total 275456K, used 231312K [0x0000000080000000, 0x0000000100000000)
  region size 1024K, 64 young (65536K), 6 survivors (6144K)
 Metaspace       used 104840K, committed 105664K, reserved 1179648K
  class space    used 14296K, committed 14656K, reserved 1048576K
}
Event: 13.791 GC heap after
{Heap after GC invocations=62 (full 0):
 garbage-first heap   total 275456K, used 175554K [0x0000000080000000, 0x0000000100000000)
  region size 1024K, 7 young (7168K), 7 survivors (7168K)
 Metaspace       used 104840K, committed 105664K, reserved 1179648K
  class space    used 14296K, committed 14656K, reserved 1048576K
}
Event: 14.110 GC heap before
{Heap before GC invocations=62 (full 0):
 garbage-first heap   total 275456K, used 230850K [0x0000000080000000, 0x0000000100000000)
  region size 1024K, 61 young (62464K), 7 survivors (7168K)
 Metaspace       used 104980K, committed 105728K, reserved 1179648K
  class space    used 14319K, committed 14656K, reserved 1048576K
}
Event: 14.115 GC heap after
{Heap after GC invocations=63 (full 0):
 garbage-first heap   total 275456K, used 178549K [0x0000000080000000, 0x0000000100000000)
  region size 1024K, 6 young (6144K), 6 survivors (6144K)
 Metaspace       used 104980K, committed 105728K, reserved 1179648K
  class space    used 14319K, committed 14656K, reserved 1048576K
}
Event: 14.460 GC heap before
{Heap before GC invocations=63 (full 0):
 garbage-first heap   total 275456K, used 232821K [0x0000000080000000, 0x0000000100000000)
  region size 1024K, 58 young (59392K), 6 survivors (6144K)
 Metaspace       used 109474K, committed 110336K, reserved 1179648K
  class space    used 14823K, committed 15232K, reserved 1048576K
}
Event: 14.464 GC heap after
{Heap after GC invocations=64 (full 0):
 garbage-first heap   total 275456K, used 181758K [0x0000000080000000, 0x0000000100000000)
  region size 1024K, 4 young (4096K), 4 survivors (4096K)
 Metaspace       used 109474K, committed 110336K, reserved 1179648K
  class space    used 14823K, committed 15232K, reserved 1048576K
}
Event: 14.820 GC heap before
{Heap before GC invocations=64 (full 0):
 garbage-first heap   total 275456K, used 231934K [0x0000000080000000, 0x0000000100000000)
  region size 1024K, 54 young (55296K), 4 survivors (4096K)
 Metaspace       used 114271K, committed 115136K, reserved 1179648K
  class space    used 15499K, committed 15936K, reserved 1048576K
}
Event: 14.823 GC heap after
{Heap after GC invocations=65 (full 0):
 garbage-first heap   total 275456K, used 183520K [0x0000000080000000, 0x0000000100000000)
  region size 1024K, 6 young (6144K), 6 survivors (6144K)
 Metaspace       used 114271K, committed 115136K, reserved 1179648K
  class space    used 15499K, committed 15936K, reserved 1048576K
}
Event: 15.266 GC heap before
{Heap before GC invocations=65 (full 0):
 garbage-first heap   total 275456K, used 234720K [0x0000000080000000, 0x0000000100000000)
  region size 1024K, 56 young (57344K), 6 survivors (6144K)
 Metaspace       used 118172K, committed 119040K, reserved 1179648K
  class space    used 15956K, committed 16384K, reserved 1048576K
}
Event: 15.272 GC heap after
{Heap after GC invocations=66 (full 0):
 garbage-first heap   total 275456K, used 188274K [0x0000000080000000, 0x0000000100000000)
  region size 1024K, 7 young (7168K), 7 survivors (7168K)
 Metaspace       used 118172K, committed 119040K, reserved 1179648K
  class space    used 15956K, committed 16384K, reserved 1048576K
}
Event: 15.486 GC heap before
{Heap before GC invocations=66 (full 0):
 garbage-first heap   total 275456K, used 233330K [0x0000000080000000, 0x0000000100000000)
  region size 1024K, 52 young (53248K), 7 survivors (7168K)
 Metaspace       used 118895K, committed 119808K, reserved 1179648K
  class space    used 16016K, committed 16448K, reserved 1048576K
}
Event: 15.492 GC heap after
{Heap after GC invocations=67 (full 0):
 garbage-first heap   total 275456K, used 193406K [0x0000000080000000, 0x0000000100000000)
  region size 1024K, 6 young (6144K), 6 survivors (6144K)
 Metaspace       used 118895K, committed 119808K, reserved 1179648K
  class space    used 16016K, committed 16448K, reserved 1048576K
}
Event: 15.802 GC heap before
{Heap before GC invocations=67 (full 0):
 garbage-first heap   total 275456K, used 235390K [0x0000000080000000, 0x0000000100000000)
  region size 1024K, 47 young (48128K), 6 survivors (6144K)
 Metaspace       used 121705K, committed 122624K, reserved 1179648K
  class space    used 16338K, committed 16768K, reserved 1048576K
}
Event: 15.807 GC heap after
{Heap after GC invocations=68 (full 0):
 garbage-first heap   total 275456K, used 197517K [0x0000000080000000, 0x0000000100000000)
  region size 1024K, 5 young (5120K), 5 survivors (5120K)
 Metaspace       used 121705K, committed 122624K, reserved 1179648K
  class space    used 16338K, committed 16768K, reserved 1048576K
}
Event: 16.083 GC heap before
{Heap before GC invocations=68 (full 0):
 garbage-first heap   total 275456K, used 233357K [0x0000000080000000, 0x0000000100000000)
  region size 1024K, 41 young (41984K), 5 survivors (5120K)
 Metaspace       used 124655K, committed 125632K, reserved 1179648K
  class space    used 16659K, committed 17152K, reserved 1048576K
}
Event: 16.087 GC heap after
{Heap after GC invocations=69 (full 0):
 garbage-first heap   total 275456K, used 199647K [0x0000000080000000, 0x0000000100000000)
  region size 1024K, 2 young (2048K), 2 survivors (2048K)
 Metaspace       used 124655K, committed 125632K, reserved 1179648K
  class space    used 16659K, committed 17152K, reserved 1048576K
}

